<?xml version="1.0" encoding="UTF-8"?>
<!-- Generated by org.testng.reporters.JUnitXMLReporter -->
<testsuite hostname="Q08948" name="Surefire test" tests="9" failures="0" timestamp="12 Mar 2021 14:46:15 GMT" time="0.122" errors="0">
  <testcase name="testMultiplication on testMultiplication(com.testauto.exam.final_assignment_calculator.BasicCalculatorTest)" time="0.011" classname="com.testauto.exam.final_assignment_calculator.BasicCalculatorTest"/>
  <testcase name="testAddition on testAddition(com.testauto.exam.final_assignment_calculator.BasicCalculatorTest)" time="0.002" classname="com.testauto.exam.final_assignment_calculator.BasicCalculatorTest"/>
  <testcase name="testDivision on testDivision(com.testauto.exam.final_assignment_calculator.BasicCalculatorTest)" time="0.003" classname="com.testauto.exam.final_assignment_calculator.BasicCalculatorTest"/>
  <testcase name="testSubtraction on testSubtraction(com.testauto.exam.final_assignment_calculator.BasicCalculatorTest)" time="0.002" classname="com.testauto.exam.final_assignment_calculator.BasicCalculatorTest"/>
  <testcase name="testRaisedToThePowerOf on testRaisedToThePowerOf(com.testauto.exam.final_assignment_calculator.AdvancedCalculatorTest)" time="0.002" classname="com.testauto.exam.final_assignment_calculator.AdvancedCalculatorTest"/>
  <testcase name="testMax on testMax(com.testauto.exam.final_assignment_calculator.AdvancedCalculatorTest)" time="0.003" classname="com.testauto.exam.final_assignment_calculator.AdvancedCalculatorTest"/>
  <testcase name="testMin on testMin(com.testauto.exam.final_assignment_calculator.AdvancedCalculatorTest)" time="0.002" classname="com.testauto.exam.final_assignment_calculator.AdvancedCalculatorTest"/>
  <testcase name="testSquareRoot on testSquareRoot(com.testauto.exam.final_assignment_calculator.AdvancedCalculatorTest)" time="0.001" classname="com.testauto.exam.final_assignment_calculator.AdvancedCalculatorTest"/>
  <testcase name="testSquare on testSquare(com.testauto.exam.final_assignment_calculator.AdvancedCalculatorTest)" time="0.001" classname="com.testauto.exam.final_assignment_calculator.AdvancedCalculatorTest"/>
</testsuite> <!-- Surefire test -->
