<?xml version="1.0" encoding="UTF-8"?>
<testsuite name="TestSuite" time="0.018" tests="9" errors="0" skipped="0" failures="0">
  <properties>
[...]
</properties>
  <testcase name="testMultiplication on testMultiplication(com.testauto.exam.final_assignment_calculator.BasicCalculatorTest)" classname="com.testauto.exam.final_assignment_calculator.BasicCalculatorTest" time="0.008"/>
  <testcase name="testAddition on testAddition(com.testauto.exam.final_assignment_calculator.BasicCalculatorTest)" classname="com.testauto.exam.final_assignment_calculator.BasicCalculatorTest" time="0"/>
  <testcase name="testDivision on testDivision(com.testauto.exam.final_assignment_calculator.BasicCalculatorTest)" classname="com.testauto.exam.final_assignment_calculator.BasicCalculatorTest" time="0.002"/>
  <testcase name="testSubtraction on testSubtraction(com.testauto.exam.final_assignment_calculator.BasicCalculatorTest)" classname="com.testauto.exam.final_assignment_calculator.BasicCalculatorTest" time="0.002"/>
  <testcase name="testRaisedToThePowerOf on testRaisedToThePowerOf(com.testauto.exam.final_assignment_calculator.AdvancedCalculatorTest)" classname="com.testauto.exam.final_assignment_calculator.AdvancedCalculatorTest" time="0.001"/>
  <testcase name="testMax on testMax(com.testauto.exam.final_assignment_calculator.AdvancedCalculatorTest)" classname="com.testauto.exam.final_assignment_calculator.AdvancedCalculatorTest" time="0.002"/>
  <testcase name="testMin on testMin(com.testauto.exam.final_assignment_calculator.AdvancedCalculatorTest)" classname="com.testauto.exam.final_assignment_calculator.AdvancedCalculatorTest" time="0"/>
  <testcase name="testSquareRoot on testSquareRoot(com.testauto.exam.final_assignment_calculator.AdvancedCalculatorTest)" classname="com.testauto.exam.final_assignment_calculator.AdvancedCalculatorTest" time="0.002"/>
  <testcase name="testSquare on testSquare(com.testauto.exam.final_assignment_calculator.AdvancedCalculatorTest)" classname="com.testauto.exam.final_assignment_calculator.AdvancedCalculatorTest" time="0.001"/>
</testsuite>